0:100  0:100  MemLog inited, TSC freq: 2400321860
0:100  0:000  CPU was calibrated with RTC
0:100  0:000  
0:100  0:000  Now is 13.01.2020,  15:26:23 (GMT)
0:100  0:000  Starting Clover revision: 5100 (master, commit bbfdd287) on INSYDE Corp. EFI
0:100  0:000  Build with: [Args: -D NO_GRUB_DRIVERS_EMBEDDED -t XCODE8 | -D NO_GRUB_DRIVERS_EMBEDDED --conf=/Users/sky/git/CloverBootloader/Conf -D USE_LOW_EBDA -a X64 -b RELEASE -t XCODE8 -n 13 | OS: 10.15.1]
0:100  0:000  SelfDevicePath=PciRoot(0x0)\Pci(0x17,0x0)\Sata(0x0,0x0,0x0)\HD(1,GPT,AEC1C662-9136-40D3-8F7A-DB68FDE78F03,0x800,0x8A000) @6B8FE698
0:100  0:000  SelfDirPath = \EFI\CLOVER
0:100  0:000  SimpleTextEx Status=Success
0:100  0:000  === [ Get Smbios ] ========================================
0:100  0:000  Type 16 Index = 0
0:100  0:000  Total Memory Slots Count = 2
0:100  0:000  Type 17 Index = 0
0:100  0:000  SmbiosTable.Type17->Speed = 1600MHz
0:100  0:000  SmbiosTable.Type17->Size = 4096MB
0:100  0:000  SmbiosTable.Type17->Bank/Device = BANK 0 ChannelA-DIMM0
0:100  0:000  SmbiosTable.Type17->Vendor = Samsung
0:100  0:000  SmbiosTable.Type17->SerialNumber = 21103218
0:100  0:000  SmbiosTable.Type17->PartNumber = M471B5173EB0-YK0  
0:100  0:000  Type 17 Index = 1
0:100  0:000  Ignoring insane frequency value 0MHz
0:100  0:000  SmbiosTable.Type17->Speed = 0MHz
0:100  0:000  SmbiosTable.Type17->Size = 0MB
0:100  0:000  SmbiosTable.Type17->Bank/Device = BANK 1 ChannelA-DIMM1
0:100  0:000  SmbiosTable.Type17->Vendor = <null string>
0:100  0:000  SmbiosTable.Type17->SerialNumber = <null string>
0:100  0:000  SmbiosTable.Type17->PartNumber = <null string>
0:100  0:000  Boot status=0
0:100  0:000  Running on: '80Q7' with board 'Paris 5A8'
0:100  0:000  === [ GetCPUProperties ] ==================================
0:100  0:000  CPU Vendor = 756E6547 Model=406E3
0:100  0:000   The CPU supported SSE4.1
0:100  0:000  BrandString = Intel(R) Core(TM) i5-6200U CPU @ 2.30GHz
0:100  0:000   The CPU supported turbo
0:100  0:000  MSR 0x35               20004
0:100  0:000   TSC/CCC Information Leaf:
0:100  0:000    numerator     : 200
0:100  0:000    denominator   : 2
0:100  0:000   Calibrated ARTFrequency: 24003218
0:100  0:000   Rounded ARTFrequency: 24000000
0:100  0:000  MSR 0xE2 before patch 1E008006
0:100  0:000  MSR 0xE2 is locked, PM patches will be turned on
0:100  0:000  MSR 0xCE              0004043D_F1011800
0:100  0:000  corrected FLEX_RATIO = 0
0:100  0:000  FSBFrequency = 92 MHz, DMI FSBFrequency = 100 MHz, Corrected FSBFrequency = 100 MHz
0:100  0:000  MaxDiv/MinDiv: 24.0/4
0:100  0:000  Turbo: 27/27/27/28
0:100  0:000  Features: 0xBFEBFBFF
0:100  0:000  Threads: 4
0:100  0:000  Cores: 2
0:100  0:000  FSB: 100 MHz
0:100  0:000  CPU: 2200 MHz
0:100  0:000  TSC: 2200 MHz
0:100  0:000  PIS: 100 MHz
0:100  0:000  ExternalClock: 25 MHz
0:100  0:000  === [ GetDevices ] ========================================
0:100  0:000  GOP found at: <null string>
0:100  0:000  PCI (00|00:00.00) : 8086 1904 class=060000
0:100  0:000  PCI (00|00:02.00) : 8086 1916 class=030000
0:100  0:000   - GFX: Model=Intel HD Graphics 520 (Intel)
0:100  0:000  PCI (00|00:14.00) : 8086 9D2F class=0C0330
0:100  0:000  PCI (00|00:14.02) : 8086 9D31 class=118000
0:100  0:000  PCI (00|00:16.00) : 8086 9D3A class=078000
0:100  0:000  PCI (00|00:17.00) : 8086 9D03 class=010601
0:100  0:000  PCI (00|00:1C.00) : 8086 9D14 class=060400
0:100  0:000  PCI (00|01:00.00) : 10EC 8168 class=020000
0:100  0:000   - LAN: 0 Vendor=Realtek
0:100  0:000  PCI (00|00:1C.05) : 8086 9D15 class=060400
0:100  0:000  PCI (00|02:00.00) : 8086 3166 class=028000
0:100  0:000   - WIFI: Vendor=Intel
0:100  0:000  PCI (00|00:1D.00) : 8086 9D18 class=060400
0:100  0:000  PCI (00|03:00.00) : 1002 6660 class=038000
0:100  0:000   - GFX: Model=AMD Radeon HD 8670M (ATI/AMD)
0:100  0:000  PCI (00|00:1F.00) : 8086 9D48 class=060100
0:100  0:000  PCI (00|00:1F.02) : 8086 9D21 class=058000
0:100  0:000  PCI (00|00:1F.03) : 8086 9D70 class=040300
0:100  0:000  PCI (00|00:1F.04) : 8086 9D23 class=0C0500
0:100  0:000  === [ GetDefaultSettings ] ================================
0:101  0:000  Clover load options size = 0 bytes
0:110  0:009  EFI\CLOVER\config.plist loaded: Success
0:110  0:000  === [ GetListOfThemes ] ===================================
0:128  0:017  - [00]: Catalina
0:134  0:006  - [01]: Hackintosh_ID
0:148  0:013  - [02]: mac_default_V
0:153  0:005  - [03]: SimpleThemeDark
0:157  0:003  === [ Found config plists ] ===============================
0:157  0:000  - config.plist
0:157  0:000  - config-Desktop.plist
0:157  0:000  - config_AMD_FX_A.plist
0:157  0:000  - config_AMD_Ryzen.plist
0:157  0:000  - config_DW1820A.plist
0:157  0:000  - config_Installer.plist
0:170  0:012  === [ GetEarlyUserSettings ] ==============================
0:170  0:000  timeout set to 5
0:170  0:000  Custom boot CUSTOM_BOOT_APPLE (0x0)
0:170  0:000  ForceKextsToLoad: 1 requested
0:170  0:000   - [0]: System\Library\Extensions\IONetworkingFamily.kext
0:170  0:000  KextsToPatch: 16 requested
0:170  0:000   - [00]: AppleIntelBDWGraphicsFramebuffer (DVMT for AppleIntelBDWGraphicsFramebuffer (Credits DalianSky) for 10.14.x) :: MatchOS: 10.14.x :: BinPatch :: data len: 5
0:170  0:000   - [01]: AppleIntelSKLGraphicsFramebuffer (DVMT for AppleIntelSKLGraphicsFramebuffer﻿ (Credits DalianSky) for 10.14.x) :: MatchOS: 10.14.x :: BinPatch :: data len: 5
0:170  0:000   - [02]: AppleIntelKBLGraph﻿icsFramebuffer﻿﻿﻿ (DVMT for AppleIntelKBLGraphicsFramebuffer﻿ (Credits DalianSky) for 10.14.x) :: MatchOS: 10.14.x :: BinPatch :: data len: 5
0:170  0:000   - [03]: AppleIntelCFLGraphicsFramebuffer (DVMT for AppleIntelCFLGraphicsFramebuffer﻿ (Credits DalianSky) for 10.14.x) :: MatchOS: 10.14.x :: BinPatch :: data len: 5
0:170  0:000   - [04]: AppleIntelCFLGraphicsFramebuffer (DVMT for AppleIntelCFLGraphicsFramebuffer﻿ (Credits DalianSky) for 10.14.x) :: MatchOS: 10.14.x :: BinPatch :: data len: 5
0:170  0:000   - [05]: AppleIntelLpssI2C (Disable AppleIntelLpssI2C (credit by Coolstar)) :: PlistPatch :: data len: 5
0:170  0:000   - [06]: AppleIntelLpssI2CController (Disable AppleIntelLpssI2CCOntroller (credit by Coolstar)) :: PlistPatch :: data len: 5
0:170  0:000   - [07]: IOBufferCopyController (disable IOBufferCopyController (Credit by DalianSky)) :: PlistPatch :: data len: 5
0:170  0:000   - [08]: com.apple.driver.usb.AppleUSBXHCI (10.13.x USB Port Limit Patch) :: MatchOS: 10.13.4,10.13.5 :: BinPatch :: data len: 10
0:170  0:000   - [09]: com.apple.driver.usb.AppleUSBXHCI (USB 10.13.6 by PMHeart) :: MatchOS: 10.13.6 :: BinPatch :: data len: 10
0:170  0:000   - [10]: com.apple.iokit.IOUSBHostFamily (USB Port limit patch 10.14.x 10.15.x #1 modify by DalianSky(credits PMheart)) :: BinPatch :: data len: 4
0:170  0:000   - [11]: com.apple.iokit.IOUSBHostFamily (USB port limit patch 10.14.x modify by DalianSky(credit PMHeart)) :: BinPatch :: data len: 4
0:170  0:000   - [12]: com.apple.driver.usb.AppleUSBXHCI (USB Port limit patch 10.15.x #1 modify by DalianSky) :: BinPatch :: data len: 4
0:170  0:000   - [13]: com.apple.driver.usb.AppleUSBXHCI (USB Port limit patch 10.14.x modify by DalianSky(credits PMheart)) :: BinPatch :: data len: 4
0:170  0:000   - [14]: com.apple.driver.usb.AppleUSBXHCI (USB Port limit patch 10.14.x modify by DalianSky(credits PMheart)) :: BinPatch :: data len: 4
0:170  0:000   - [15]: AppleIntelKBLGraph﻿icsFramebuffer﻿﻿﻿ (NoLabel) :: BinPatch :: data len: 6
0:170  0:000  KernelToPatch: 1 requested
0:170  0:000   - [00]: MSR 0xE2 _xcpm_idle instant reboot(c) Pike R. Alpha :: data len: 8
0:170  0:000  Default theme: Catalina
0:170  0:000  Hiding entries with string Preboot
0:170  0:000  Hiding entries with string Recovery
0:170  0:000  Hiding entries with string Windows
0:170  0:000  ** Warning: unknown custom entry Type 'Other'
0:170  0:000  === [ LoadDrivers ] =======================================
0:196  0:025  Loading apfs.efi  status=Success
0:222  0:026   - driver needs connecting
0:222  0:000  Loading ApfsDriverLoader.efi  status=Success
0:327  0:104   - driver needs connecting
0:327  0:000  Loading AptioMemoryFix.efi  status=Success
0:432  0:104  Loading DataHubDxe.efi  status=Success
0:435  0:003  Loading FSInject.efi  status=Success
0:439  0:003  Loading HFSPlus.efi  status=Success
0:443  0:004   - driver needs connecting
0:443  0:000  Loading MemoryAllocation.efi  status=Success
0:447  0:003  Loading NvmExpressDxe.efi  status=Success
0:451  0:003   - driver needs connecting
0:451  0:000  Loading PartitionDxe.efi  status=Success
0:455  0:004   - driver needs connecting
0:455  0:000  Loading SMCHelper.efi  status=Success
0:458  0:003  Loading VirtualSmc.efi  status=Success
0:564  0:105  5 drivers needs connecting ...
0:564  0:000  PlatformDriverOverrideProtocol not found. Installing ... Success
0:564  0:000  Partition driver loaded: CD disconnect Success
0:564  0:000  HFS+ driver loaded
0:564  0:000  APFS driver loaded
0:564  0:000  Searching for invalid DiskIo BY_DRIVER connects: not found, all ok
1:581  1:016  === [ InitScreen ] ========================================
1:581  0:000  Console modes reported: 6, available modes:
1:581  0:000   - [01]: 80x25
1:581  0:000   - [03]: 80x25
1:581  0:000   - [04]: 170x40 (current mode)
1:581  0:000   - [05]: 100x31
1:581  0:000   - [06]: 128x40
1:581  0:000  SetMaxResolution: found best mode 0: 1366x768
1:581  0:000   - already set
1:581  0:000  SetScreenResolution: 1366x768 - already set
1:581  0:000  reinit: self device path=PciRoot(0x0)\Pci(0x17,0x0)\Sata(0x0,0x0,0x0)\HD(1,GPT,AEC1C662-9136-40D3-8F7A-DB68FDE78F03,0x800,0x8A000)
1:581  0:000  === [ GetMacAddress ] =====================================
1:581  0:000  === [ ScanSPD ] ===========================================
1:581  0:000  Scanning SMBus [8086:9D23], mmio: 0xA132D004, ioport: 0x5040, hostc: 0x11
1:600  0:018  Slot: 0 Type 24 4096MB 1600MHz Vendor=Samsung PartNo=M471B5173EB0-YK0 SerialNo=0105060802000B07
1:618  0:017  Slot: 2 Type 24 8192MB 1600MHz Vendor=Samsung PartNo=M471B1G73EB0-YK0 SerialNo=0506020901050602
1:619  0:000  === [ GetAcpiTablesList ] =================================
1:619  0:000  Get Acpi Tables List from RSDT:
1:619  0:000   - [00]: FACP  CB-01    len=268
1:619  0:000   - [01]: TCPA  CB-01    len=50
1:619  0:000   - [02]: UEFI  CB-01    len=566
1:619  0:000   - [03]: UEFI  CB-01    len=66
1:619  0:000   - [04]: SSDT  CB-01    len=1207
1:619  0:000   - [05]: SSDT  CB-01    len=75
1:619  0:000   - [06]: TPM2  CB-01    len=52
1:619  0:000   - [07]: MSDM  CB-01    len=85
1:619  0:000   - [08]: SSDT  CB-01    len=12457
1:619  0:000   - [09]: DBGP  CB-01    len=52
1:619  0:000   - [10]: DBG2  CB-01    len=84
1:619  0:000   - [11]: ASF!  CB-01    len=165
1:619  0:000   - [12]: ASPT  CB-01    len=52
1:619  0:000   - [13]: BOOT  CB-01    len=40
1:619  0:000   - [14]: DBGP  CB-01    len=52
1:619  0:000   - [15]: HPET  CB-01    len=56
1:619  0:000   - [16]: LPIT  CB-01    len=148
1:619  0:000   - [17]: APIC  CB-01    len=188
1:619  0:000   - [18]: MCFG  CB-01    len=60
1:619  0:000   - [19]: SSDT  CB-01    len=724
1:619  0:000   - [20]: SSDT  CB-01    len=11182
1:619  0:000   - [21]: SSDT  CB-01    len=2873
1:619  0:000   - [22]: SSDT  CB-01    len=3672
1:619  0:000   - [23]: SSDT  CB-01    len=6955
1:619  0:000   - [24]: DMAR  CB-01    len=168
1:619  0:000   - [25]: FPDT  CB-01    len=68
1:619  0:000   - [26]: BGRT  CB-01    len=56
1:619  0:000  Calibrated TSC Frequency = 2400321860 = 2400MHz
1:619  0:000  === [ GetUserSettings ] ===================================
1:619  0:000  Add 1 devices:
1:619  0:000  USB FixOwnership: yes
1:619  0:000  Dropping 1 tables:
1:619  0:000   - [00]: Drop table  signature="DMAR" (52414D44)
1:619  0:000           - set table: 52414D44,                0 to drop: yes
1:619  0:000   - final DSDT Fix mask=1707B1D5
1:619  0:000  PatchesDSDT: 5 requested
1:619  0:000   - [00]: (change EC0 to EC) lenToFind: 4, lenToReplace: 4, Target Bridge: <null string>
1:619  0:000   - [01]: (change H_EC to EC) lenToFind: 4, lenToReplace: 4, Target Bridge: <null string>
1:619  0:000   - [02]: (change ECDV to EC) lenToFind: 4, lenToReplace: 4, Target Bridge: <null string>
1:619  0:000   - [03]: (Fix AsRock Z390 BIOS DSDT Device(RTC) bug) lenToFind: 8, lenToReplace: 8, Target Bridge: <null string>
1:619  0:000   - [04]: (change _OSI to XOSI) lenToFind: 4, lenToReplace: 4, Target Bridge: <null string>
1:619  0:000  EnableC7: no
1:619  0:000  EnableC6: no
1:619  0:000  Using ProductName from config: MacBookPro13,3
1:619  0:000  Using latest BiosVersion from clover
1:619  0:000  BiosVersion: MBP133.88Z.F000.B00.1910301814
1:619  0:000  BiosReleaseDate: 10/30/2019
1:619  0:000  Using latest EfiVersion from clover: 263.0.0.0.0
1:619  0:000  Using FirmwareFeatures from config: 0xFC0FE13F
1:619  0:000  Using FirmwareFeaturesMask from config: 0xFF1FFF3F
1:619  0:000  Board-ID set from config as Mac-A5C67F76ED83108C
1:619  0:000  BoardType: 0xA
1:619  0:000  ChassisType: 0x9
1:651  0:032  === [ Found DSDT tables ] =================================
1:798  0:147  === [ ScanVolumes ] =======================================
1:798  0:000  Found 12 volumes with blockIO
1:798  0:000  - [00]: Volume: PciRoot(0x0)\Pci(0x17,0x0)\Sata(0x0,0x0,0x0)
1:803  0:004  - [01]: Volume: PciRoot(0x0)\Pci(0x17,0x0)\Sata(0x0,0x0,0x0)\HD(1,GPT,AEC1C662-9136-40D3-8F7A-DB68FDE78F03,0x800,0x8A000)
1:803  0:000          Result of bootcode detection: bootable Windows (vista,win)
1:806  0:002          This is SelfVolume !!
1:806  0:000  - [02]: Volume: PciRoot(0x0)\Pci(0x17,0x0)\Sata(0x0,0x0,0x0)\HD(2,GPT,8BDBEE6D-3202-4730-A042-9DB73E8AFDC2,0x8A800,0xC800800)
1:819  0:013          Result of bootcode detection: bootable Windows (vista,win)
1:819  0:000  - [03]: Volume: PciRoot(0x0)\Pci(0x17,0x0)\Sata(0x0,0x0,0x0)\HD(3,GPT,CC0DF730-9800-4DB0-890E-08151BBB2953,0xC88B000,0xF0FA000)
1:835  0:015          Result of bootcode detection: bootable unknown (legacy)
1:835  0:000  - [04]: Volume: PciRoot(0x0)\Pci(0x17,0x0)\Sata(0x0,0x0,0x0)\HD(4,GPT,54B4426D-1FEF-4F58-A91D-B5194530E080,0x1B985000,0x15E00030)
1:856  0:021          Result of bootcode detection: bootable Windows (vista,win)
1:856  0:000  - [05]: Volume: PciRoot(0x0)\Pci(0x17,0x0)\Sata(0x0,0x0,0x0)\HD(5,GPT,55E59E67-22BE-4A5D-8F7B-04E528852F40,0x31785030,0x8C00000)
1:874  0:017          Result of bootcode detection: bootable Windows (vista,win)
1:874  0:000  - [06]: Volume: PciRoot(0x0)\Pci(0x14,0x0)\USB(0x0,0x0)
1:874  0:000          Found optical drive
1:877  0:002  Detected name WIN32
1:877  0:000          Result of bootcode detection: bootable unknown (legacy)
1:877  0:000  - [07]: Volume: PciRoot(0x0)\Pci(0x17,0x0)\Sata(0x0,0x0,0x0)\HD(3,GPT,CC0DF730-9800-4DB0-890E-08151BBB2953,0xC88B000,0xF0FA000)\VenMedia(BE74FCF7-0B7C-49F3-9147-01F4042E6842,E1BD4A9BBE01364496C988E7E0BF6E56)
1:877  0:000          hiding this volume
1:877  0:000  - [08]: Volume: PciRoot(0x0)\Pci(0x17,0x0)\Sata(0x0,0x0,0x0)\HD(3,GPT,CC0DF730-9800-4DB0-890E-08151BBB2953,0xC88B000,0xF0FA000)\VenMedia(BE74FCF7-0B7C-49F3-9147-01F4042E6842,FF19C6CD0FD9E347BF492F2953DECFE7)
1:877  0:000  - [09]: Volume: PciRoot(0x0)\Pci(0x17,0x0)\Sata(0x0,0x0,0x0)\HD(3,GPT,CC0DF730-9800-4DB0-890E-08151BBB2953,0xC88B000,0xF0FA000)\VenMedia(BE74FCF7-0B7C-49F3-9147-01F4042E6842,1847A4664B1D52428D838C8F87A76062)
1:877  0:000          hiding this volume
1:877  0:000  - [10]: Volume: PciRoot(0x0)\Pci(0x17,0x0)\Sata(0x0,0x0,0x0)\HD(3,GPT,CC0DF730-9800-4DB0-890E-08151BBB2953,0xC88B000,0xF0FA000)\VenMedia(BE74FCF7-0B7C-49F3-9147-01F4042E6842,F271A38C95B6F84A8DF2132FC821AA1F)
1:877  0:000  - [11]: Volume: PciRoot(0x0)\Pci(0x17,0x0)\Sata(0x0,0x0,0x0)\HD(3,GPT,CC0DF730-9800-4DB0-890E-08151BBB2953,0xC88B000,0xF0FA000)\VenMedia(BE74FCF7-0B7C-49F3-9147-01F4042E6842,1B47F94BB4ACBC4888395C3B97313EF9)
1:877  0:000  No AudioIoProtocols, status=Not Found
1:877  0:000  === [ InitTheme ] =========================================
1:877  0:000  use daylight theme
1:911  0:033  Using theme 'Catalina' (EFI\CLOVER\themes\Catalina)
1:911  0:000  OS main and drive as badge
1:913  0:002    Channels: 1  Sample rate: 44100 Hz  Bits: 16
1:913  0:000  output to channel 0 with volume 70, len=228736
1:913  0:000   sound channels=1 bits=16 freq=44100
1:913  0:000  not found AudioIo to play
1:913  0:000  free sound
1:913  0:000  sound play end with status=Not Found
1:917  0:004  Loading font from ThemeDir: Success
1:917  0:000  theme inited
1:917  0:000  Chosen theme Catalina
1:918  0:000  after NVRAM boot-args=-v debug=0x100 dart=0 keepsyms=1 -no_compat_check slide=0 -lilubetaall
1:918  0:000  === [ Dump SMC keys from NVRAM ] ==========================
1:918  0:000  found AppleSMC protocol
1:946  0:028  === [ AddCustomEntries ] ==================================
1:946  0:000  Custom entry 0 skipped because it is disabled.
1:946  0:000  === [ ScanLoader ] ========================================
1:946  0:000  - [01]: 'EFI'
1:946  0:000          AddLoaderEntry for Volume Name=EFI
1:946  0:000      Not match custom entry 0: Type: not match
1:959  0:012          AddLoaderEntry for Volume Name=EFI
1:959  0:000          skipped because entry is hidden
1:959  0:000  - [07]: 'Preboot', hidden
1:959  0:000  - [08]: 'macOS - pn'
2:029  0:070  - [09]: 'Recovery', hidden
2:029  0:000  - [10]: 'VM'
2:030  0:000  - [11]: 'macOS'
2:274  0:244          AddLoaderEntry for Volume Name=macOS
2:274  0:000      Not match custom entry 0: Type: not match
2:335  0:060      hibernated: set as never
2:351  0:016  === [ AddCustomTool ] =====================================
2:365  0:013  found tool \EFI\CLOVER\tools\Shell64U.efi
2:365  0:000  Checking EFI partition Volume 1 for Clover
2:365  0:000   Found Clover
2:366  0:001  === [ GetEfiBootDeviceFromNvram ] =========================
2:366  0:000   - efi-boot-device-data: PciRoot(0x0)\Pci(0x17,0x0)\Sata(0x0,0x0,0x0)\HD(3,GPT,CC0DF730-9800-4DB0-890E-08151BBB2953,0xC88B000,0xF0FA000)\VenMedia(BE74FCF7-0B7C-49F3-9147-01F4042E6842,1B47F94BB4ACBC4888395C3B97313EF9)
2:366  0:000    - Volume: 'PciRoot(0x0)\Pci(0x17,0x0)\Sata(0x0,0x0,0x0)\HD(3,GPT,CC0DF730-9800-4DB0-890E-08151BBB2953,0xC88B000,0xF0FA000)\VenMedia(BE74FCF7-0B7C-49F3-9147-01F4042E6842,1B47F94BB4ACBC4888395C3B97313EF9)'
2:366  0:000    - LoaderPath: '<null string>'
2:366  0:000    - Guid = CC0DF730-9800-4DB0-890E-08151BBB2953
2:366  0:000  === [ FindStartupDiskVolume ] =============================
2:366  0:000    - Volume: partition = PciRoot(0x0)\Pci(0x17,0x0)\Sata(0x0,0x0,0x0)\HD(3,GPT,CC0DF730-9800-4DB0-890E-08151BBB2953,0xC88B000,0xF0FA000)\VenMedia(BE74FCF7-0B7C-49F3-9147-01F4042E6842,1B47F94BB4ACBC4888395C3B97313EF9)
2:366  0:000     - searching for that partition
2:366  0:000      - found entry 1. 'Boot macOS from macOS', Volume 'macOS'
2:366  0:000  Boot redirected to Entry 1. 'Boot macOS from macOS'
2:366  0:000  DefaultIndex=1 and MainMenu.EntryCount=8
3:108  0:741  GUI ready
